2015/11/18 12:58:00 running from /Users/technology/.heroku/heroku-cli
2015/11/18 12:58:00 heroku-cli: Adding dependencies...
2015/11/18 12:58:12  done
2015/11/18 12:58:12 heroku-cli: Installing core plugins...
2015/11/18 12:58:58  done
2015/11/18 12:58:58 running from /Users/technology/.heroku/heroku-cli
2015/11/18 12:58:58 running from /Users/technology/.heroku/heroku-cli
2015/11/18 12:58:58 Email: 
2015/11/18 13:00:52 running from /Users/technology/.heroku/heroku-cli
2015/11/18 13:12:55 running from /Users/technology/.heroku/heroku-cli
2015/11/18 13:12:55 running from /Users/technology/.heroku/heroku-cli
2015/11/18 13:12:55 Email: 
2015/11/18 13:15:56 running from /Users/technology/.heroku/heroku-cli
2015/12/02 13:21:50 running from /Users/technology/.heroku/heroku-cli
2015/12/02 13:21:51 Updating Heroku v4 CLI to 4.27.6-e59743f (master)... 
2015/12/02 13:21:59 done
2015/12/02 13:21:59 Updating plugins... 
2015/12/02 13:22:41 done
2015/12/02 13:22:41 rebuilding plugins cache... 
2015/12/02 13:22:58 done
2015/12/02 13:27:35 running from /Users/technology/.heroku/heroku-cli
2015/12/02 13:27:35 running from /Users/technology/.heroku/heroku-cli
2015/12/02 13:27:35 Email: 
2015/12/02 13:28:06 running from /Users/technology/.heroku/heroku-cli
2015/12/02 13:31:14 running from /Users/technology/.heroku/heroku-cli
2015/12/02 13:34:47 running from /Users/technology/.heroku/heroku-cli
