**********
2012-08-06 13:30:31 -0400: Disk Utility started.

2012-08-06 13:31:26 -0400: Preparing to partition disk: “ST916041 2AS Media”
2012-08-06 13:31:26 -0400: 	Partition Scheme: GUID Partition Table
2012-08-06 13:31:26 -0400: 	1 partition will be created
2012-08-06 13:31:26 -0400: 
2012-08-06 13:31:26 -0400: 	Partition 1
2012-08-06 13:31:26 -0400: 		Name		: “Clone”
2012-08-06 13:31:26 -0400: 		Size		: 160.04 GB
2012-08-06 13:31:26 -0400: 		File system	: Mac OS Extended (Journaled)
2012-08-06 13:31:26 -0400: 
2012-08-06 13:31:26 -0400: Unmounting disk
2012-08-06 13:31:28 -0400: Creating the partition map
2012-08-06 13:31:28 -0400: Waiting for the disks to reappear
2012-08-06 13:31:28 -0400: Formatting disk1s2 as Mac OS Extended (Journaled) with name Clone
2012-08-06 13:31:40 -0400: Initialized /dev/rdisk1s2 as a 149 GB HFS Plus volume with a 16384k journal

2012-08-06 13:31:40 -0400: Mounting disk
2012-08-06 13:31:40 -0400: Partition complete.
2012-08-06 13:31:40 -0400: 
**********
2012-08-14 10:39:31 -0400: Disk Utility started.

2012-08-14 10:41:59 -0400: Restore Disk
2012-08-14 10:41:59 -0400: 	Source: “ST916041 2AS Media”
2012-08-14 10:41:59 -0400: 	Destination: “Macintosh HD”
2012-08-14 10:41:59 -0400: 	Erase Destination: Yes
2012-08-14 10:41:59 -0400: 	Erase “Macintosh HD” and copy the contents of “ST916041 2AS Media” to it.
2012-08-14 10:41:59 -0400: 
2012-08-14 10:41:59 -0400: Starting Restore…
2012-08-14 10:41:59 -0400: Validating target...
2012-08-14 10:41:59 -0400: done
2012-08-14 10:41:59 -0400: Validating source...
2012-08-14 10:41:59 -0400: Could not detect format of volume on device "/dev/disk1"
2012-08-14 10:41:59 -0400: Could not validate source - error 254
2012-08-14 10:41:59 -0400: Could not validate source - error 254
2012-08-14 10:42:00 -0400: 
