2012-07-30T19:17:27: >>> Adobe Updater Log Begin >>>
2012-07-30T19:17:27: Application Version: 6.0.0.67
2012-07-30T19:17:27: cmdline option: -logFile = /Users/technology/Library/Application Support/Adobe/AAMUpdater/1.0/aamul.log
2012-07-30T19:17:27: cmdline option: -logLevel = 2
2012-07-30T19:17:27: StartupUtility : Loaded at startup/logon.
2012-07-30T19:17:27: UCIsUpdaterEnabled : UpdaterIsEnabled.
2012-07-30T19:17:27: Updater has never been run on the machine.
2012-07-30T19:17:27: StartupUtility : Window is NOT Elapsed.
2012-07-30T19:17:27: <<< Adobe Updater Log End <<<


2012-07-30T19:26:14: >>> Adobe Updater Log Begin >>>
2012-07-30T19:26:14: Application Version: 6.0.0.67
2012-07-30T19:26:14: cmdline option: -logFile = /Users/technology/Library/Application Support/Adobe/AAMUpdater/1.0/aamul.log
2012-07-30T19:26:14: cmdline option: -logLevel = 2
2012-07-30T19:26:14: StartupUtility : Loaded at startup/logon.
2012-07-30T19:26:14: UCIsUpdaterEnabled : UpdaterIsEnabled.
2012-07-30T19:26:14: Updater has never been run on the machine.
2012-07-30T19:26:14: StartupUtility : Window is NOT Elapsed.
2012-07-30T19:26:14: <<< Adobe Updater Log End <<<


2012-08-01T13:19:39: >>> Adobe Updater Log Begin >>>
2012-08-01T13:19:39: Application Version: 6.0.0.67
2012-08-01T13:19:39: cmdline option: -logFile = /Users/technology/Library/Application Support/Adobe/AAMUpdater/1.0/aamul.log
2012-08-01T13:19:39: cmdline option: -logLevel = 2
2012-08-01T13:19:39: StartupUtility : Loaded at startup/logon.
2012-08-01T13:19:39: UCIsUpdaterEnabled : UpdaterIsEnabled.
2012-08-01T13:19:39: Updater has never been run on the machine.
2012-08-01T13:19:39: StartupUtility : Window is NOT Elapsed.
2012-08-01T13:19:39: <<< Adobe Updater Log End <<<


2012-08-01T13:39:42: >>> Adobe Updater Log Begin >>>
2012-08-01T13:39:42: Application Version: 6.0.0.67
2012-08-01T13:39:42: cmdline option: -logFile = /Users/technology/Library/Application Support/Adobe/AAMUpdater/1.0/aamul.log
2012-08-01T13:39:42: cmdline option: -logLevel = 2
2012-08-01T13:39:42: StartupUtility : Loaded at startup/logon.
2012-08-01T13:39:42: UCIsUpdaterEnabled : UpdaterIsEnabled.
2012-08-01T13:39:42: Updater has never been run on the machine.
2012-08-01T13:39:42: StartupUtility : Window is NOT Elapsed.
2012-08-01T13:39:42: <<< Adobe Updater Log End <<<


2012-08-01T14:48:12: >>> Adobe Updater Log Begin >>>
2012-08-01T14:48:12: Application Version: 6.0.0.67
2012-08-01T14:48:12: cmdline option: -logFile = /Users/technology/Library/Application Support/Adobe/AAMUpdater/1.0/aamul.log
2012-08-01T14:48:12: cmdline option: -logLevel = 2
2012-08-01T14:48:12: StartupUtility : Loaded at startup/logon.
2012-08-01T14:48:12: UCIsUpdaterEnabled : UpdaterIsEnabled.
2012-08-01T14:48:12: Updater has never been run on the machine.
2012-08-01T14:48:12: StartupUtility : Window is NOT Elapsed.
2012-08-01T14:48:12: <<< Adobe Updater Log End <<<


2012-08-01T18:13:06: >>> Adobe Updater Log Begin >>>
2012-08-01T18:13:06: Application Version: 6.0.0.67
2012-08-01T18:13:06: cmdline option: -logFile = /Users/technology/Library/Application Support/Adobe/AAMUpdater/1.0/aamul.log
2012-08-01T18:13:06: cmdline option: -logLevel = 2
2012-08-01T18:13:06: StartupUtility : Loaded at startup/logon.
2012-08-01T18:13:06: UCIsUpdaterEnabled : UpdaterIsEnabled.
2012-08-01T18:13:06: Updater has never been run on the machine.
2012-08-01T18:13:06: StartupUtility : Window is NOT Elapsed.
2012-08-01T18:13:06: <<< Adobe Updater Log End <<<


2012-08-01T18:17:37: >>> Adobe Updater Log Begin >>>
2012-08-01T18:17:37: Application Version: 6.0.0.67
2012-08-01T18:17:37: cmdline option: -logFile = /Users/technology/Library/Application Support/Adobe/AAMUpdater/1.0/aamul.log
2012-08-01T18:17:37: cmdline option: -logLevel = 2
2012-08-01T18:17:37: StartupUtility : Loaded at startup/logon.
2012-08-01T18:17:37: UCIsUpdaterEnabled : UpdaterIsEnabled.
2012-08-01T18:17:37: Updater has never been run on the machine.
2012-08-01T18:17:37: StartupUtility : Window is NOT Elapsed.
2012-08-01T18:17:37: <<< Adobe Updater Log End <<<


2012-08-01T18:32:51: >>> Adobe Updater Log Begin >>>
2012-08-01T18:32:51: Application Version: 6.0.0.67
2012-08-01T18:32:51: cmdline option: -logFile = /Users/technology/Library/Application Support/Adobe/AAMUpdater/1.0/aamul.log
2012-08-01T18:32:51: cmdline option: -logLevel = 2
2012-08-01T18:32:51: StartupUtility : Loaded at startup/logon.
2012-08-01T18:32:51: UCIsUpdaterEnabled : UpdaterIsEnabled.
2012-08-01T18:32:51: Updater has never been run on the machine.
2012-08-01T18:32:51: StartupUtility : Window is NOT Elapsed.
2012-08-01T18:32:51: <<< Adobe Updater Log End <<<


2012-08-06T17:06:05: >>> Adobe Updater Log Begin >>>
2012-08-06T17:06:05: Application Version: 6.0.0.67
2012-08-06T17:06:05: cmdline option: -logFile = /Users/technology/Library/Application Support/Adobe/AAMUpdater/1.0/aamul.log
2012-08-06T17:06:05: cmdline option: -logLevel = 2
2012-08-06T17:06:05: StartupUtility : Loaded at startup/logon.
2012-08-06T17:06:05: UCIsUpdaterEnabled : UpdaterIsEnabled.
2012-08-06T17:06:05: Updater has never been run on the machine.
2012-08-06T17:06:05: StartupUtility : Window is NOT Elapsed.
2012-08-06T17:06:05: <<< Adobe Updater Log End <<<


2012-08-06T18:14:20: >>> Adobe Updater Log Begin >>>
2012-08-06T18:14:20: Application Version: 6.0.0.67
2012-08-06T18:14:20: cmdline option: -logFile = /Users/technology/Library/Application Support/Adobe/AAMUpdater/1.0/aamul.log
2012-08-06T18:14:20: cmdline option: -logLevel = 2
2012-08-06T18:14:20: StartupUtility : Loaded at startup/logon.
2012-08-06T18:14:20: UCIsUpdaterEnabled : UpdaterIsEnabled.
2012-08-06T18:14:20: Updater has never been run on the machine.
2012-08-06T18:14:20: StartupUtility : Window is NOT Elapsed.
2012-08-06T18:14:20: <<< Adobe Updater Log End <<<


2012-08-06T19:01:20: >>> Adobe Updater Log Begin >>>
2012-08-06T19:01:20: Application Version: 6.0.0.67
2012-08-06T19:01:20: cmdline option: -logFile = /Users/technology/Library/Application Support/Adobe/AAMUpdater/1.0/aamul.log
2012-08-06T19:01:20: cmdline option: -logLevel = 2
2012-08-06T19:01:20: StartupUtility : Loaded at startup/logon.
2012-08-06T19:01:20: UCIsUpdaterEnabled : UpdaterIsEnabled.
2012-08-06T19:01:20: Updater has never been run on the machine.
2012-08-06T19:01:20: StartupUtility : Window is NOT Elapsed.
2012-08-06T19:01:20: <<< Adobe Updater Log End <<<


2012-08-06T19:37:28: >>> Adobe Updater Log Begin >>>
2012-08-06T19:37:28: Application Version: 6.0.0.67
2012-08-06T19:37:28: cmdline option: -logFile = /Users/technology/Library/Application Support/Adobe/AAMUpdater/1.0/aamul.log
2012-08-06T19:37:28: cmdline option: -logLevel = 2
2012-08-06T19:37:28: StartupUtility : Loaded at startup/logon.
2012-08-06T19:37:28: UCIsUpdaterEnabled : UpdaterIsEnabled.
2012-08-06T19:37:28: Updater has never been run on the machine.
2012-08-06T19:37:28: StartupUtility : Window is NOT Elapsed.
2012-08-06T19:37:28: <<< Adobe Updater Log End <<<


2012-08-06T20:15:49: >>> Adobe Updater Log Begin >>>
2012-08-06T20:15:49: Application Version: 6.0.0.67
2012-08-06T20:15:49: cmdline option: -logFile = /Users/technology/Library/Application Support/Adobe/AAMUpdater/1.0/aamul.log
2012-08-06T20:15:49: cmdline option: -logLevel = 2
2012-08-06T20:15:49: StartupUtility : Loaded at startup/logon.
2012-08-06T20:15:49: UCIsUpdaterEnabled : UpdaterIsEnabled.
2012-08-06T20:15:49: Updater has never been run on the machine.
2012-08-06T20:15:49: StartupUtility : Window is NOT Elapsed.
2012-08-06T20:15:49: <<< Adobe Updater Log End <<<


2012-08-14T14:38:34: >>> Adobe Updater Log Begin >>>
2012-08-14T14:38:34: Application Version: 6.0.0.67
2012-08-14T14:38:34: cmdline option: -logFile = /Users/technology/Library/Application Support/Adobe/AAMUpdater/1.0/aamul.log
2012-08-14T14:38:34: cmdline option: -logLevel = 2
2012-08-14T14:38:34: StartupUtility : Loaded at startup/logon.
2012-08-14T14:38:34: UCIsUpdaterEnabled : UpdaterIsEnabled.
2012-08-14T14:38:34: Updater has never been run on the machine.
2012-08-14T14:38:34: StartupUtility : Window is NOT Elapsed.
2012-08-14T14:38:34: <<< Adobe Updater Log End <<<


2012-08-20T19:23:26: >>> Adobe Updater Log Begin >>>
2012-08-20T19:23:26: Application Version: 6.0.0.67
2012-08-20T19:23:26: cmdline option: -logFile = /Users/technology/Library/Application Support/Adobe/AAMUpdater/1.0/aamul.log
2012-08-20T19:23:26: cmdline option: -logLevel = 2
2012-08-20T19:23:26: StartupUtility : Loaded at startup/logon.
2012-08-20T19:23:26: UCIsUpdaterEnabled : UpdaterIsEnabled.
2012-08-20T19:23:26: Updater has never been run on the machine.
2012-08-20T19:23:26: StartupUtility : Window is NOT Elapsed.
2012-08-20T19:23:26: <<< Adobe Updater Log End <<<


2012-12-11T14:42:40: >>> Adobe Updater Log Begin >>>
2012-12-11T14:42:40: Application Version: 6.0.0.67
2012-12-11T14:42:40: cmdline option: -logFile = /Users/technology/Library/Application Support/Adobe/AAMUpdater/1.0/aamul.log
2012-12-11T14:42:40: cmdline option: -logLevel = 2
2012-12-11T14:42:40: StartupUtility : Loaded at startup/logon.
2012-12-11T14:42:40: UCIsUpdaterEnabled : UpdaterIsEnabled.
2012-12-11T14:42:40: Updater has never been run on the machine.
2012-12-11T14:42:40: StartupUtility : Window is NOT Elapsed.
2012-12-11T14:42:40: <<< Adobe Updater Log End <<<


2012-12-11T14:44:26: >>> Adobe Updater Log Begin >>>
2012-12-11T14:44:26: Application Version: 6.0.0.67
2012-12-11T14:44:26: cmdline option: -logFile = /Users/technology/Library/Application Support/Adobe/AAMUpdater/1.0/aamul.log
2012-12-11T14:44:26: cmdline option: -logLevel = 2
2012-12-11T14:44:26: StartupUtility : Loaded at startup/logon.
2012-12-11T14:44:26: UCIsUpdaterEnabled : UpdaterIsEnabled.
2012-12-11T14:44:26: Updater has never been run on the machine.
2012-12-11T14:44:26: StartupUtility : Window is NOT Elapsed.
2012-12-11T14:44:26: <<< Adobe Updater Log End <<<


2012-12-11T14:46:35: >>> Adobe Updater Log Begin >>>
2012-12-11T14:46:35: Application Version: 6.0.0.67
2012-12-11T14:46:35: cmdline option: -logFile = /Users/technology/Library/Application Support/Adobe/AAMUpdater/1.0/aamul.log
2012-12-11T14:46:35: cmdline option: -logLevel = 2
2012-12-11T14:46:35: StartupUtility : Loaded at startup/logon.
2012-12-11T14:46:35: UCIsUpdaterEnabled : UpdaterIsEnabled.
2012-12-11T14:46:35: Updater has never been run on the machine.
2012-12-11T14:46:35: StartupUtility : Window is NOT Elapsed.
2012-12-11T14:46:35: <<< Adobe Updater Log End <<<


2012-12-11T14:45:35: >>> Adobe Updater Log Begin >>>
2012-12-11T14:45:35: Application Version: 6.0.0.67
2012-12-11T14:45:35: cmdline option: -logFile = /Users/technology/Library/Application Support/Adobe/AAMUpdater/1.0/aamul.log
2012-12-11T14:45:35: cmdline option: -logLevel = 2
2012-12-11T14:45:35: StartupUtility : Loaded at startup/logon.
2012-12-11T14:45:35: UCIsUpdaterEnabled : UpdaterIsEnabled.
2012-12-11T14:45:35: Updater has never been run on the machine.
2012-12-11T14:45:35: StartupUtility : Window is NOT Elapsed.
2012-12-11T14:45:35: <<< Adobe Updater Log End <<<


2012-12-11T14:48:36: >>> Adobe Updater Log Begin >>>
2012-12-11T14:48:36: Application Version: 6.0.0.67
2012-12-11T14:48:36: cmdline option: -logFile = /Users/technology/Library/Application Support/Adobe/AAMUpdater/1.0/aamul.log
2012-12-11T14:48:36: cmdline option: -logLevel = 2
2012-12-11T14:48:36: StartupUtility : Loaded at startup/logon.
2012-12-11T14:48:36: UCIsUpdaterEnabled : UpdaterIsEnabled.
2012-12-11T14:48:36: Updater has never been run on the machine.
2012-12-11T14:48:36: StartupUtility : Window is NOT Elapsed.
2012-12-11T14:48:36: <<< Adobe Updater Log End <<<


2012-12-11T14:52:12: >>> Adobe Updater Log Begin >>>
2012-12-11T14:52:12: Application Version: 6.0.0.67
2012-12-11T14:52:12: cmdline option: -logFile = /Users/technology/Library/Application Support/Adobe/AAMUpdater/1.0/aamul.log
2012-12-11T14:52:12: cmdline option: -logLevel = 2
2012-12-11T14:52:12: StartupUtility : Loaded at startup/logon.
2012-12-11T14:52:12: UCIsUpdaterEnabled : UpdaterIsEnabled.
2012-12-11T14:52:12: Updater has never been run on the machine.
2012-12-11T14:52:12: StartupUtility : Window is NOT Elapsed.
2012-12-11T14:52:12: <<< Adobe Updater Log End <<<


2012-12-13T20:43:16: >>> Adobe Updater Log Begin >>>
2012-12-13T20:43:16: Application Version: 6.0.0.67
2012-12-13T20:43:16: cmdline option: -logFile = /Users/technology/Library/Application Support/Adobe/AAMUpdater/1.0/aamul.log
2012-12-13T20:43:16: cmdline option: -logLevel = 2
2012-12-13T20:43:16: StartupUtility : Loaded at startup/logon.
2012-12-13T20:43:16: UCIsUpdaterEnabled : UpdaterIsEnabled.
2012-12-13T20:43:16: Updater has never been run on the machine.
2012-12-13T20:43:16: StartupUtility : Window is NOT Elapsed.
2012-12-13T20:43:16: <<< Adobe Updater Log End <<<


2012-12-13T20:47:06: >>> Adobe Updater Log Begin >>>
2012-12-13T20:47:06: Application Version: 6.0.0.67
2012-12-13T20:47:06: cmdline option: -logFile = /Users/technology/Library/Application Support/Adobe/AAMUpdater/1.0/aamul.log
2012-12-13T20:47:06: cmdline option: -logLevel = 2
2012-12-13T20:47:06: StartupUtility : Loaded at startup/logon.
2012-12-13T20:47:06: UCIsUpdaterEnabled : UpdaterIsEnabled.
2012-12-13T20:47:06: Updater has never been run on the machine.
2012-12-13T20:47:06: StartupUtility : Window is NOT Elapsed.
2012-12-13T20:47:06: <<< Adobe Updater Log End <<<


2012-12-13T20:50:00: >>> Adobe Updater Log Begin >>>
2012-12-13T20:50:00: Application Version: 6.0.0.67
2012-12-13T20:50:00: cmdline option: -logFile = /Users/technology/Library/Application Support/Adobe/AAMUpdater/1.0/aamul.log
2012-12-13T20:50:00: cmdline option: -logLevel = 2
2012-12-13T20:50:00: StartupUtility : Loaded at startup/logon.
2012-12-13T20:50:00: UCIsUpdaterEnabled : UpdaterIsEnabled.
2012-12-13T20:50:00: Updater has never been run on the machine.
2012-12-13T20:50:00: StartupUtility : Window is NOT Elapsed.
2012-12-13T20:50:00: <<< Adobe Updater Log End <<<


2012-12-13T21:01:00: >>> Adobe Updater Log Begin >>>
2012-12-13T21:01:00: Application Version: 6.0.0.67
2012-12-13T21:01:00: cmdline option: -logFile = /Users/technology/Library/Application Support/Adobe/AAMUpdater/1.0/aamul.log
2012-12-13T21:01:00: cmdline option: -logLevel = 2
2012-12-13T21:01:00: StartupUtility : Loaded at startup/logon.
2012-12-13T21:01:00: UCIsUpdaterEnabled : UpdaterIsEnabled.
2012-12-13T21:01:00: Updater has never been run on the machine.
2012-12-13T21:01:00: StartupUtility : Window is NOT Elapsed.
2012-12-13T21:01:00: <<< Adobe Updater Log End <<<


2012-12-13T21:10:16: >>> Adobe Updater Log Begin >>>
2012-12-13T21:10:16: Application Version: 6.0.0.67
2012-12-13T21:10:16: cmdline option: -logFile = /Users/technology/Library/Application Support/Adobe/AAMUpdater/1.0/aamul.log
2012-12-13T21:10:16: cmdline option: -logLevel = 2
2012-12-13T21:10:16: StartupUtility : Loaded at startup/logon.
2012-12-13T21:10:16: UCIsUpdaterEnabled : UpdaterIsEnabled.
2012-12-13T21:10:16: Updater has never been run on the machine.
2012-12-13T21:10:16: StartupUtility : Window is NOT Elapsed.
2012-12-13T21:10:16: <<< Adobe Updater Log End <<<


2012-12-13T21:18:50: >>> Adobe Updater Log Begin >>>
2012-12-13T21:18:50: Application Version: 6.0.0.67
2012-12-13T21:18:50: cmdline option: -logFile = /Users/technology/Library/Application Support/Adobe/AAMUpdater/1.0/aamul.log
2012-12-13T21:18:50: cmdline option: -logLevel = 2
2012-12-13T21:18:50: StartupUtility : Loaded at startup/logon.
2012-12-13T21:18:50: UCIsUpdaterEnabled : UpdaterIsEnabled.
2012-12-13T21:18:50: Updater has never been run on the machine.
2012-12-13T21:18:50: StartupUtility : Window is NOT Elapsed.
2012-12-13T21:18:50: <<< Adobe Updater Log End <<<


2013-01-17T20:02:45: >>> Adobe Updater Log Begin >>>
2013-01-17T20:02:45: Application Version: 6.0.0.67
2013-01-17T20:02:45: cmdline option: -logFile = /Users/technology/Library/Application Support/Adobe/AAMUpdater/1.0/aamul.log
2013-01-17T20:02:45: cmdline option: -logLevel = 2
2013-01-17T20:02:45: StartupUtility : Loaded at startup/logon.
2013-01-17T20:02:45: UCIsUpdaterEnabled : UpdaterIsEnabled.
2013-01-17T20:02:45: Updater has never been run on the machine.
2013-01-17T20:02:45: StartupUtility : Window is NOT Elapsed.
2013-01-17T20:02:45: <<< Adobe Updater Log End <<<


2013-09-25T15:36:59: >>> Adobe Updater Log Begin >>>
2013-09-25T15:36:59: Application Version: 6.0.0.67
2013-09-25T15:36:59: cmdline option: -logFile = /Users/technology/Library/Application Support/Adobe/AAMUpdater/1.0/aamul.log
2013-09-25T15:36:59: cmdline option: -logLevel = 2
2013-09-25T15:36:59: StartupUtility : Loaded at startup/logon.
2013-09-25T15:36:59: UCIsUpdaterEnabled : UpdaterIsEnabled.
2013-09-25T15:36:59: Updater has never been run on the machine.
2013-09-25T15:36:59: StartupUtility : Window is NOT Elapsed.
2013-09-25T15:36:59: <<< Adobe Updater Log End <<<


2015-06-24T18:01:59: >>> Adobe Updater Log Begin >>>
2015-06-24T18:01:59: Application Version: 6.0.0.67
2015-06-24T18:01:59: cmdline option: -logFile = /Users/technology/Library/Application Support/Adobe/AAMUpdater/1.0/aamul.log
2015-06-24T18:01:59: cmdline option: -logLevel = 2
2015-06-24T18:01:59: StartupUtility : Loaded at startup/logon.
2015-06-24T18:01:59: UCIsUpdaterEnabled : UpdaterIsEnabled.
2015-06-24T18:01:59: Updater has never been run on the machine.
2015-06-24T18:01:59: StartupUtility : Window is NOT Elapsed.
2015-06-24T18:01:59: <<< Adobe Updater Log End <<<


2015-06-25T13:04:25: >>> Adobe Updater Log Begin >>>
2015-06-25T13:04:25: Application Version: 6.0.0.67
2015-06-25T13:04:25: cmdline option: -logFile = /Users/technology/Library/Application Support/Adobe/AAMUpdater/1.0/aamul.log
2015-06-25T13:04:25: cmdline option: -logLevel = 2
2015-06-25T13:04:25: StartupUtility : Loaded at startup/logon.
2015-06-25T13:04:25: UCIsUpdaterEnabled : UpdaterIsEnabled.
2015-06-25T13:04:25: Updater has never been run on the machine.
2015-06-25T13:04:25: StartupUtility : Window is NOT Elapsed.
2015-06-25T13:04:25: <<< Adobe Updater Log End <<<


2015-06-25T13:59:21: >>> Adobe Updater Log Begin >>>
2015-06-25T13:59:21: Application Version: 6.0.0.67
2015-06-25T13:59:21: cmdline option: -logFile = /Users/technology/Library/Application Support/Adobe/AAMUpdater/1.0/aamul.log
2015-06-25T13:59:21: cmdline option: -logLevel = 2
2015-06-25T13:59:21: StartupUtility : Loaded at startup/logon.
2015-06-25T13:59:21: UCIsUpdaterEnabled : UpdaterIsEnabled.
2015-06-25T13:59:21: Updater has never been run on the machine.
2015-06-25T13:59:21: StartupUtility : Window is NOT Elapsed.
2015-06-25T13:59:21: <<< Adobe Updater Log End <<<


2015-09-16T16:58:58: >>> Adobe Updater Log Begin >>>
2015-09-16T16:58:59: Application Version: 6.0.0.67
2015-09-16T16:58:59: cmdline option: -logFile = /Users/technology/Library/Application Support/Adobe/AAMUpdater/1.0/aamul.log
2015-09-16T16:58:59: cmdline option: -logLevel = 2
2015-09-16T16:58:59: StartupUtility : Loaded at startup/logon.
2015-09-16T16:58:59: UCIsUpdaterEnabled : UpdaterIsEnabled.
2015-09-16T16:58:59: Updater has never been run on the machine.
2015-09-16T16:58:59: StartupUtility : Window is NOT Elapsed.
2015-09-16T16:58:59: <<< Adobe Updater Log End <<<


2015-09-18T15:05:55: >>> Adobe Updater Log Begin >>>
2015-09-18T15:05:55: Application Version: 6.0.0.67
2015-09-18T15:05:55: cmdline option: -logFile = /Users/technology/Library/Application Support/Adobe/AAMUpdater/1.0/aamul.log
2015-09-18T15:05:55: cmdline option: -logLevel = 2
2015-09-18T15:05:55: StartupUtility : Loaded at startup/logon.
2015-09-18T15:05:55: UCIsUpdaterEnabled : UpdaterIsEnabled.
2015-09-18T15:05:55: Updater has never been run on the machine.
2015-09-18T15:05:55: StartupUtility : Window is NOT Elapsed.
2015-09-18T15:05:55: <<< Adobe Updater Log End <<<


2015-09-21T13:23:37: >>> Adobe Updater Log Begin >>>
2015-09-21T13:23:37: Application Version: 6.0.0.67
2015-09-21T13:23:37: cmdline option: -logFile = /Users/technology/Library/Application Support/Adobe/AAMUpdater/1.0/aamul.log
2015-09-21T13:23:37: cmdline option: -logLevel = 2
2015-09-21T13:23:37: StartupUtility : Loaded at startup/logon.
2015-09-21T13:23:37: UCIsUpdaterEnabled : UpdaterIsEnabled.
2015-09-21T13:23:37: Updater has never been run on the machine.
2015-09-21T13:23:37: StartupUtility : Window is NOT Elapsed.
2015-09-21T13:23:37: <<< Adobe Updater Log End <<<


2015-09-21T15:48:38: >>> Adobe Updater Log Begin >>>
2015-09-21T15:48:38: Application Version: 6.0.0.67
2015-09-21T15:48:39: cmdline option: -logFile = /Users/technology/Library/Application Support/Adobe/AAMUpdater/1.0/aamul.log
2015-09-21T15:48:39: cmdline option: -logLevel = 2
2015-09-21T15:48:39: StartupUtility : Loaded at startup/logon.
2015-09-21T15:48:39: UCIsUpdaterEnabled : UpdaterIsEnabled.
2015-09-21T15:48:39: Updater has never been run on the machine.
2015-09-21T15:48:39: StartupUtility : Window is NOT Elapsed.
2015-09-21T15:48:39: <<< Adobe Updater Log End <<<


2015-09-23T12:35:10: >>> Adobe Updater Log Begin >>>
2015-09-23T12:35:10: Application Version: 6.0.0.67
2015-09-23T12:35:10: cmdline option: -logFile = /Users/technology/Library/Application Support/Adobe/AAMUpdater/1.0/aamul.log
2015-09-23T12:35:10: cmdline option: -logLevel = 2
2015-09-23T12:35:10: StartupUtility : Loaded at startup/logon.
2015-09-23T12:35:10: UCIsUpdaterEnabled : UpdaterIsEnabled.
2015-09-23T12:35:10: Updater has never been run on the machine.
2015-09-23T12:35:10: StartupUtility : Window is NOT Elapsed.
2015-09-23T12:35:10: <<< Adobe Updater Log End <<<


2015-10-02T15:28:30: >>> Adobe Updater Log Begin >>>
2015-10-02T15:28:30: Application Version: 6.0.0.67
2015-10-02T15:28:30: cmdline option: -logFile = /Users/technology/Library/Application Support/Adobe/AAMUpdater/1.0/aamul.log
2015-10-02T15:28:30: cmdline option: -logLevel = 2
2015-10-02T15:28:30: StartupUtility : Loaded at startup/logon.
2015-10-02T15:28:30: UCIsUpdaterEnabled : UpdaterIsEnabled.
2015-10-02T15:28:30: Updater has never been run on the machine.
2015-10-02T15:28:30: StartupUtility : Window is NOT Elapsed.
2015-10-02T15:28:30: <<< Adobe Updater Log End <<<


2015-10-13T16:37:30: >>> Adobe Updater Log Begin >>>
2015-10-13T16:37:30: Application Version: 6.0.0.67
2015-10-13T16:37:30: cmdline option: -logFile = /Users/technology/Library/Application Support/Adobe/AAMUpdater/1.0/aamul.log
2015-10-13T16:37:30: cmdline option: -logLevel = 2
2015-10-13T16:37:30: StartupUtility : Loaded at startup/logon.
2015-10-13T16:37:30: UCIsUpdaterEnabled : UpdaterIsEnabled.
2015-10-13T16:37:30: Updater has never been run on the machine.
2015-10-13T16:37:30: StartupUtility : Window is NOT Elapsed.
2015-10-13T16:37:30: <<< Adobe Updater Log End <<<


2015-10-16T12:25:17: >>> Adobe Updater Log Begin >>>
2015-10-16T12:25:17: Application Version: 6.0.0.67
2015-10-16T12:25:18: cmdline option: -logFile = /Users/technology/Library/Application Support/Adobe/AAMUpdater/1.0/aamul.log
2015-10-16T12:25:18: cmdline option: -logLevel = 2
2015-10-16T12:25:18: StartupUtility : Loaded at startup/logon.
2015-10-16T12:25:18: UCIsUpdaterEnabled : UpdaterIsEnabled.
2015-10-16T12:25:18: Updater has never been run on the machine.
2015-10-16T12:25:18: StartupUtility : Window is NOT Elapsed.
2015-10-16T12:25:18: <<< Adobe Updater Log End <<<


2015-10-19T17:59:59: >>> Adobe Updater Log Begin >>>
2015-10-19T17:59:59: Application Version: 6.0.0.67
2015-10-19T17:59:59: cmdline option: -logFile = /Users/technology/Library/Application Support/Adobe/AAMUpdater/1.0/aamul.log
2015-10-19T17:59:59: cmdline option: -logLevel = 2
2015-10-19T17:59:59: StartupUtility : Loaded at startup/logon.
2015-10-19T17:59:59: UCIsUpdaterEnabled : UpdaterIsEnabled.
2015-10-19T17:59:59: Updater has never been run on the machine.
2015-10-19T17:59:59: StartupUtility : Window is NOT Elapsed.
2015-10-19T17:59:59: <<< Adobe Updater Log End <<<


2015-10-22T13:23:30: >>> Adobe Updater Log Begin >>>
2015-10-22T13:23:30: Application Version: 6.0.0.67
2015-10-22T13:23:30: cmdline option: -logFile = /Users/technology/Library/Application Support/Adobe/AAMUpdater/1.0/aamul.log
2015-10-22T13:23:30: cmdline option: -logLevel = 2
2015-10-22T13:23:30: StartupUtility : Loaded at startup/logon.
2015-10-22T13:23:30: UCIsUpdaterEnabled : UpdaterIsEnabled.
2015-10-22T13:23:30: Updater has never been run on the machine.
2015-10-22T13:23:30: StartupUtility : Window is NOT Elapsed.
2015-10-22T13:23:30: <<< Adobe Updater Log End <<<


2015-10-26T18:31:00: >>> Adobe Updater Log Begin >>>
2015-10-26T18:31:00: Application Version: 6.0.0.67
2015-10-26T18:31:00: cmdline option: -logFile = /Users/technology/Library/Application Support/Adobe/AAMUpdater/1.0/aamul.log
2015-10-26T18:31:00: cmdline option: -logLevel = 2
2015-10-26T18:31:00: StartupUtility : Loaded at startup/logon.
2015-10-26T18:31:00: UCIsUpdaterEnabled : UpdaterIsEnabled.
2015-10-26T18:31:00: Updater has never been run on the machine.
2015-10-26T18:31:00: StartupUtility : Window is NOT Elapsed.
2015-10-26T18:31:00: <<< Adobe Updater Log End <<<


2015-11-04T16:19:04: >>> Adobe Updater Log Begin >>>
2015-11-04T16:19:04: Application Version: 6.0.0.67
2015-11-04T16:19:04: cmdline option: -logFile = /Users/technology/Library/Application Support/Adobe/AAMUpdater/1.0/aamul.log
2015-11-04T16:19:04: cmdline option: -logLevel = 2
2015-11-04T16:19:04: StartupUtility : Loaded at startup/logon.
2015-11-04T16:19:04: UCIsUpdaterEnabled : UpdaterIsEnabled.
2015-11-04T16:19:04: Updater has never been run on the machine.
2015-11-04T16:19:04: StartupUtility : Window is NOT Elapsed.
2015-11-04T16:19:04: <<< Adobe Updater Log End <<<


2015-11-04T17:35:46: >>> Adobe Updater Log Begin >>>
2015-11-04T17:35:46: Application Version: 6.0.0.67
2015-11-04T17:35:46: cmdline option: -logFile = /Users/technology/Library/Application Support/Adobe/AAMUpdater/1.0/aamul.log
2015-11-04T17:35:46: cmdline option: -logLevel = 2
2015-11-04T17:35:46: StartupUtility : Loaded at startup/logon.
2015-11-04T17:35:46: UCIsUpdaterEnabled : UpdaterIsEnabled.
2015-11-04T17:35:46: Updater has never been run on the machine.
2015-11-04T17:35:46: StartupUtility : Window is NOT Elapsed.
2015-11-04T17:35:46: <<< Adobe Updater Log End <<<


2015-11-09T18:56:38: >>> Adobe Updater Log Begin >>>
2015-11-09T18:56:38: Application Version: 6.0.0.67
2015-11-09T18:56:38: cmdline option: -logFile = /Users/technology/Library/Application Support/Adobe/AAMUpdater/1.0/aamul.log
2015-11-09T18:56:38: cmdline option: -logLevel = 2
2015-11-09T18:56:38: StartupUtility : Loaded at startup/logon.
2015-11-09T18:56:38: UCIsUpdaterEnabled : UpdaterIsEnabled.
2015-11-09T18:56:39: Scheduled check window has elapsed 
2015-11-09T18:56:39: StartupUtility : Window is Elapsed and going to launch PDApp.
2015-11-09T18:56:39: StartupUtility: Calling LaunchExecutable for exe  = /Library/Application Support/Adobe/OOBE/PDApp/UWA/AAM Updates Notifier.app/Contents/MacOS/AAM Updates Notifier
2015-11-09T18:56:39: <<< Adobe Updater Log End <<<


2015-11-11T16:52:43: >>> Adobe Updater Log Begin >>>
2015-11-11T16:52:43: Application Version: 6.0.0.67
2015-11-11T16:52:43: cmdline option: -logFile = /Users/technology/Library/Application Support/Adobe/AAMUpdater/1.0/aamul.log
2015-11-11T16:52:43: cmdline option: -logLevel = 2
2015-11-11T16:52:43: StartupUtility : Loaded at startup/logon.
2015-11-11T16:52:43: UCIsUpdaterEnabled : UpdaterIsEnabled.
2015-11-11T16:52:44: Scheduled check window has elapsed 
2015-11-11T16:52:44: StartupUtility : Window is Elapsed and going to launch PDApp.
2015-11-11T16:52:44: StartupUtility: Calling LaunchExecutable for exe  = /Library/Application Support/Adobe/OOBE/PDApp/UWA/AAM Updates Notifier.app/Contents/MacOS/AAM Updates Notifier
2015-11-11T16:52:44: <<< Adobe Updater Log End <<<


2015-11-16T13:11:14: >>> Adobe Updater Log Begin >>>
2015-11-16T13:11:14: Application Version: 6.0.0.67
2015-11-16T13:11:14: cmdline option: -logFile = /Users/technology/Library/Application Support/Adobe/AAMUpdater/1.0/aamul.log
2015-11-16T13:11:14: cmdline option: -logLevel = 2
2015-11-16T13:11:14: StartupUtility : Loaded at startup/logon.
2015-11-16T13:11:14: UCIsUpdaterEnabled : UpdaterIsEnabled.
2015-11-16T13:11:14: Scheduled check window has elapsed 
2015-11-16T13:11:14: StartupUtility : Window is Elapsed and going to launch PDApp.
2015-11-16T13:11:14: StartupUtility: Calling LaunchExecutable for exe  = /Library/Application Support/Adobe/OOBE/PDApp/UWA/AAM Updates Notifier.app/Contents/MacOS/AAM Updates Notifier
2015-11-16T13:11:15: <<< Adobe Updater Log End <<<


2015-11-18T17:27:01: >>> Adobe Updater Log Begin >>>
2015-11-18T17:27:01: Application Version: 6.0.0.67
2015-11-18T17:27:01: cmdline option: -logFile = /Users/technology/Library/Application Support/Adobe/AAMUpdater/1.0/aamul.log
2015-11-18T17:27:01: cmdline option: -logLevel = 2
2015-11-18T17:27:01: StartupUtility : Loaded at startup/logon.
2015-11-18T17:27:01: UCIsUpdaterEnabled : UpdaterIsEnabled.
2015-11-18T17:27:01: Scheduled check window has elapsed 
2015-11-18T17:27:01: StartupUtility : Window is Elapsed and going to launch PDApp.
2015-11-18T17:27:01: StartupUtility: Calling LaunchExecutable for exe  = /Library/Application Support/Adobe/OOBE/PDApp/UWA/AAM Updates Notifier.app/Contents/MacOS/AAM Updates Notifier
2015-11-18T17:27:02: <<< Adobe Updater Log End <<<


2015-12-01T13:14:08: >>> Adobe Updater Log Begin >>>
2015-12-01T13:14:08: Application Version: 6.0.0.67
2015-12-01T13:14:09: cmdline option: -logFile = /Users/technology/Library/Application Support/Adobe/AAMUpdater/1.0/aamul.log
2015-12-01T13:14:09: cmdline option: -logLevel = 2
2015-12-01T13:14:09: StartupUtility : Loaded at startup/logon.
2015-12-01T13:14:09: UCIsUpdaterEnabled : UpdaterIsEnabled.
2015-12-01T13:14:09: Scheduled check window has elapsed 
2015-12-01T13:14:09: StartupUtility : Window is Elapsed and going to launch PDApp.
2015-12-01T13:14:09: StartupUtility: Calling LaunchExecutable for exe  = /Library/Application Support/Adobe/OOBE/PDApp/UWA/AAM Updates Notifier.app/Contents/MacOS/AAM Updates Notifier
2015-12-01T13:14:09: <<< Adobe Updater Log End <<<


2015-12-01T18:09:03: >>> Adobe Updater Log Begin >>>
2015-12-01T18:09:03: Application Version: 6.0.0.67
2015-12-01T18:09:03: cmdline option: -logFile = /Users/technology/Library/Application Support/Adobe/AAMUpdater/1.0/aamul.log
2015-12-01T18:09:03: cmdline option: -logLevel = 2
2015-12-01T18:09:03: StartupUtility : Loaded at startup/logon.
2015-12-01T18:09:03: UCIsUpdaterEnabled : UpdaterIsEnabled.
2015-12-01T18:09:03: Scheduled check window has not yet elapsed 
2015-12-01T18:09:03: StartupUtility : Window is NOT Elapsed.
2015-12-01T18:09:03: <<< Adobe Updater Log End <<<


2015-12-02T18:04:35: >>> Adobe Updater Log Begin >>>
2015-12-02T18:04:35: Application Version: 6.0.0.67
2015-12-02T18:04:35: cmdline option: -logFile = /Users/technology/Library/Application Support/Adobe/AAMUpdater/1.0/aamul.log
2015-12-02T18:04:35: cmdline option: -logLevel = 2
2015-12-02T18:04:35: StartupUtility : Loaded at startup/logon.
2015-12-02T18:04:35: UCIsUpdaterEnabled : UpdaterIsEnabled.
2015-12-02T18:04:35: Scheduled check window has elapsed 
2015-12-02T18:04:35: StartupUtility : Window is Elapsed and going to launch PDApp.
2015-12-02T18:04:35: StartupUtility: Calling LaunchExecutable for exe  = /Library/Application Support/Adobe/OOBE/PDApp/UWA/AAM Updates Notifier.app/Contents/MacOS/AAM Updates Notifier
2015-12-02T18:04:36: <<< Adobe Updater Log End <<<


