  = 1
2015-12-02T18:04:52: CFU(Webfeed): Query licensing type for LEID  = Dreamweaver-CS6-Mac-GM
2015-12-02T18:04:52: No valid license found for  = Dreamweaver-CS6-Mac-GM
2015-12-02T18:04:52: CFU(Webfeed): Patch is meant only for subscription licenses, but client doesn't have a valid subscription license. 
2015-12-02T18:04:52: CFU(Webfeed): Query licensing type for LEID  = Dreamweaver-CS6-Mac-GM
2015-12-02T18:04:52: No valid license found for  = Dreamweaver-CS6-Mac-GM
2015-12-02T18:04:52: CFU(Webfeed): Patch is meant only for subscription licenses, but client doesn't have a valid subscription license. 
2015-12-02T18:04:52: Going in waiting state as following Recommendation is no more valid for this update(license mismatch)
2015-12-02T18:04:52: Exiting IsAppGoodToUpdate with return  = 1
2015-12-02T18:04:52: Exiting IsAppGoodToUpdate with return  = 1
2015-12-02T18:04:52: CFU(Webfeed): Query licensing type for LEID  = Fireworks-CS6-Mac-GM
2015-12-02T18:04:52: No valid license found for  = Fireworks-CS6-Mac-GM
2015-12-02T18:04:52: Exiting IsAppGoodToUpdate with return  = 1
2015-12-02T18:04:52: Exiting IsAppGoodToUpdate with return  = 1
2015-12-02T18:04:52: Exiting IsAppGoodToUpdate with return  = 1
2015-12-02T18:04:52: Exiting IsAppGoodToUpdate with return  = 1
2015-12-02T18:04:52: Exiting IsAppGoodToUpdate with return  = 1
2015-12-02T18:04:52: Exiting IsAppGoodToUpdate with return  = 1
2015-12-02T18:04:52: CFU(Webfeed): Patch is meant only for perpetual licenses, but client doesn't have a valid perpetual license. 
2015-12-02T18:04:52: CFU(Webfeed): Patch is meant only for perpetual licenses, but client doesn't have a valid perpetual license. 
2015-12-02T18:04:52: CFU(Webfeed): Query licensing type for LEID  = Photoshop-CS6-Mac-GM
2015-12-02T18:04:52: A valid perpetual license found for  = Photoshop-CS6-Mac-GM
2015-12-02T18:04:52: Exiting IsAppGoodToUpdate with return  = 1
2015-12-02T18:04:52: Exiting IsAppGoodToUpdate with return  = 1
2015-12-02T18:04:52: CFU(Webfeed): Query licensing type for LEID  = ExMan-CS6-Mac-GM
2015-12-02T18:04:52: No valid license found for  = ExMan-CS6-Mac-GM
2015-12-02T18:04:52: Exiting IsAppGoodToUpdate with return  = 1
2015-12-02T18:04:52: Exiting IsAppGoodToUpdate with return  = 1
2015-12-02T18:04:52: Exiting IsAppGoodToUpdate with return  = 1
2015-12-02T18:04:52: Exiting IsAppGoodToUpdate with return  = 1
2015-12-02T18:04:52: Exiting IsAppGoodToUpdate with return  = 1
2015-12-02T18:04:52: Exiting IsAppGoodToUpdate with return  = 1
2015-12-02T18:04:52: CFU(Webfeed): Query licensing type for LEID  = InDesign-CS6-Mac-GM
2015-12-02T18:04:52: A valid perpetual license found for  = InDesign-CS6-Mac-GM
2015-12-02T18:04:52: CFU(Webfeed): Patch is meant only for subscription licenses, but client doesn't have a valid subscription license. 
2015-12-02T18:04:52: CFU(Webfeed): Query licensing type for LEID  = InDesign-CS6-Mac-GM
2015-12-02T18:04:52: A valid perpetual license found for  = InDesign-CS6-Mac-GM
2015-12-02T18:04:52: CFU(Webfeed): Patch is meant only for subscription licenses, but client doesn't have a valid subscription license. 
2015-12-02T18:04:52: CFU(Webfeed): Query licensing type for LEID  = InDesign-CS6-Mac-GM
2015-12-02T18:04:52: A valid perpetual license found for  = InDesign-CS6-Mac-GM
2015-12-02T18:04:52: CFU(Webfeed): Patch is meant only for subscription licenses, but client doesn't have a valid subscription license. 
2015-12-02T18:04:52: Going in waiting state as following Recommendation is no more valid for this update(license mismatch)
2015-12-02T18:04:52: Exiting IsAppGoodToUpdate with return  = 1
2015-12-02T18:04:52: Exiting IsAppGoodToUpdate with return  = 1
2015-12-02T18:04:52: Exiting IsAppGoodToUpdate with return  = 1
2015-12-02T18:04:52: Exiting IsAppGoodToUpdate with return  = 1
2015-12-02T18:04:52: Exiting IsAppGoodToUpdate with return  = 1
2015-12-02T18:04:52: Exiting IsAppGoodToUpdate with return  = 1
2015-12-02T18:04:52: CFU(Webfeed): Query licensing type for LEID  = InDesign-CS6-Mac-GM
2015-12-02T18:04:52: A valid perpetual license found for  = InDesign-CS6-Mac-GM
2015-12-02T18:04:52: Exiting IsAppGoodToUpdate with return  = 1
2015-12-02T18:04:52: Exiting IsAppGoodToUpdate with return  = 1
2015-12-02T18:04:53: Exiting IsAppGoodToUpdate with return  = 1
2015-12-02T18:04:53: Exiting IsAppGoodToUpdate with return  = 1
2015-12-02T18:04:53: CFU(Webfeed): Query licensing type for LEID  = Camera_Raw-7-MAC-GM
2015-12-02T18:04:53: No valid license found for  = Camera_Raw-7-MAC-GM
2015-12-02T18:04:53: Exiting IsAppGoodToUpdate with return  = 1
2015-12-02T18:04:53: Exiting IsAppGoodToUpdate with return  = 1
2015-12-02T18:04:53: CFU(Webfeed): Query licensing type for LEID  = DigitalPublishing-CS6-Mac-GM
2015-12-02T18:04:53: No valid license found for  = DigitalPublishing-CS6-Mac-GM
2015-12-02T18:04:53: Returning from << UCCheckForUpdates >> call with outErr value -  = 0
2015-12-02T18:04:54: CFU(Webfeed):: Web feed hasn't changed since last time.
2015-12-02T18:04:54: CFU(Webfeed): Webfeed is empty
2015-12-02T18:04:54: CFU(Webfeed): MRL is empty
2015-12-02T18:04:54: Check for Updates was done successfully.
2015-12-02T18:04:54: UCGetprogress : Check for updates returning state for reffId  = 
2015-12-02T18:04:54: UCGetprogress : Check for updates returning state     = 21
2015-12-02T18:04:54: UCGetprogress : Check for updates returning outError  = 0
2015-12-02T18:04:54: UCGetprogress : Check for updates returning percent   = 100
2015-12-02T18:04:54: UCGetprogress : Check for updates returning unique error code string   = U21M1C0
2015-12-02T18:04:54: Returning from << UCTerminate >> call with value = 1
2015-12-02T18:04:54: UpdaterCoreImpl::ShutdownLogFile : Going to call ShutdownESDLogFile()
2015-12-02T18:04:54: <<< Adobe Updater Log End <<<


2015-12-02T18:04:54: >>> Adobe Updater Log Begin >>>
2015-12-02T18:04:54: UpdaterCoreImpl::InitLogFile : Application Version 6.0.0.67
2015-12-02T18:04:54: UpdaterCoreImpl::InitLogFile : cmdline option --> -logFile = /Users/technology/Library/Application Support/Adobe/AAMUpdater/1.0/aamus.log
2015-12-02T18:04:54: UpdaterCoreImpl::InitLogFile : cmdline option --> -logLevel = 2
2015-12-02T18:04:54: UCInitialize : AAMLauncher was NOT running.
2015-12-02T18:04:55: UpdaterCore : Returning from << UCInitialize >> Returning with outErr Value =>  = 0
2015-12-02T20:50:56: <<< Adobe Updater Log End <<<


2015-12-04T15:06:41: >>> Adobe Updater Log Begin >>>
2015-12-04T15:06:41: UpdaterCoreImpl::InitLogFile : Application Version 6.0.0.67
2015-12-04T15:06:41: UpdaterCoreImpl::InitLogFile : cmdline option --> -logFile = /Users/technology/Library/Application Support/Adobe/AAMUpdater/1.0/aamus.log
2015-12-04T15:06:41: UpdaterCoreImpl::InitLogFile : cmdline option --> -logLevel = 2
2015-12-04T15:06:41: UCInitialize : AAMLauncher was NOT running.
2015-12-04T15:06:41: UpdaterCore : Returning from << UCInitialize >> Returning with outErr Value =>  = 0
2015-12-04T15:06:41: UCCheckForUpdates : Updater is loaded in AAM Updates Notifier mode.
2015-12-04T15:06:41: UCCheckForUpdates : User level lock acquired for AAM Updates Notifier.
2015-12-04T15:06:41: Exiting IsAppGoodToUpdate with return  = 1
2015-12-04T15:06:41: Exiting IsAppGoodToUpdate with return  = 1
2015-12-04T15:06:41: Exiting IsAppGoodToUpdate with return  = 1
2015-12-04T15:06:41: Exiting IsAppGoodToUpdate with return  = 1
2015-12-04T15:06:41: Exiting IsAppGoodToUpdate with return  = 1
2015-12-04T15:06:41: Exiting IsAppGoodToUpdate with return  = 1
2015-12-04T15:06:41: Exiting IsAppGoodToUpdate with return  = 1
2015-12-04T15:06:41: Exiting IsAppGoodToUpdate with return  = 1
2015-12-04T15:06:41: Exiting IsAppGoodToUpdate with return  = 1
2015-12-04T15:06:41: Exiting IsAppGoodToUpdate with return  = 1
2015-12-04T15:06:41: CFU(Webfeed): Query licensing type for LEID  = InDesign-CS6-Mac-GM
2015-12-04T15:06:42: A valid perpetual license found for  = InDesign-CS6-Mac-GM
2015-12-04T15:06:42: Exiting IsAppGoodToUpdate with return  = 1
2015-12-04T15:06:42: Exiting IsAppGoodToUpdate with return  = 1
2015-12-04T15:06:42: CFU(Webfeed): Query licensing type for LEID  = AdobeMediaEncoder-CS6-Mac-GM
2015-12-04T15:06:43: No valid license found for  = AdobeMediaEncoder-CS6-Mac-GM
2015-12-04T15:06:43: Exiting IsAppGoodToUpdate with return  = 1
2015-12-04T15:06:43: Exiting IsAppGoodToUpdate with return  = 1
2015-12-04T15:06:43: Exiting IsAppGoodToUpdate with return  = 1
2015-12-04T15:06:43: Exiting IsAppGoodToUpdate with return  = 1
2015-12-04T15:06:43: CFU(Webfeed): Query licensing type for LEID  = FlashPro-CS6-Mac-GM
2015-12-04T15:06:44: No valid license found for  = FlashPro-CS6-Mac-GM
2015-12-04T15:06:44: Exiting IsAppGoodToUpdate with return  = 1
2015-12-04T15:06:44: Exiting IsAppGoodToUpdate with return  = 1
2015-12-04T15:06:44: CFU(Webfeed): Query licensing type for LEID  = Photoshop-CS6-Mac-GM
2015-12-04T15:06:44: A valid perpetual license found for  = Photoshop-CS6-Mac-GM
2015-12-04T15:06:44: Exiting IsAppGoodToUpdate with return  = 1
2015-12-04T15:06:44: Exiting IsAppGoodToUpdate with return  = 1
2015-12-04T15:06:45: Exiting IsAppGoodToUpdate with return  = 1
2015-12-04T15:06:45: Exiting IsAppGoodToUpdate with return  = 1
2015-12-04T15:06:45: CFU(Webfeed): Query licensing type for LEID  = Dreamweaver-CS6-Mac-GM
2015-12-04T15:06:45: No valid license found for  = Dreamweaver-CS6-Mac-GM
2015-12-04T15:06:45: CFU(Webfeed): Patch is meant only for perpetual licenses, but client doesn't have a valid perpetual license. 
2015-12-04T15:06:45: CFU(Webfeed): Query licensing type for LEID  = Dreamweaver-CS6-Mac-GM
2015-12-04T15:06:45: No valid license found for  = Dreamweaver-CS6-Mac-GM
2015-12-04T15:06:45: CFU(Webfeed): Patch is meant only for perpetual licenses, but client doesn't have a valid perpetual license. 
2015-12-04T15:06:45: Going in waiting state as following Recommendation is no more valid for this update(license mismatch)
2015-12-04T15:06:45: Exiting IsAppGoodToUpdate with return  = 1
2015-12-04T15:06:45: Exiting IsAppGoodToUpdate with return  = 1
2015-12-04T15:06:45: CFU(Webfeed): Query licensing type for LEID  = Bridge-CS6-Mac-GM
2015-12-04T15:06:46: No valid license found for  = Bridge-CS6-Mac-GM
2015-12-04T15:06:46: Exiting IsAppGoodToUpdate with return  = 1
2015-12-04T15:06:46: Exiting IsAppGoodToUpdate with return  = 1
2015-12-04T15:06:46: CFU(Webfeed): Query licensing type for LEID  = Photoshop-CS6-Mac-GM
2015-12-04T15:06:46: A valid perpetual license found for  = Photoshop-CS6-Mac-GM
2015-12-04T15:06:46: CFU(Webfeed): Patch is meant only for subscription licenses, but client doesn't have a valid subscription license. 
2015-12-04T15:06:46: Going in waiting state as following Recommendation is no more valid for this update(license mismatch)
2015-12-04T15:06:46: Exiting IsAppGoodToUpdate with return  = 1
2015-12-04T15:06:46: Exiting IsAppGoodToUpdate with return  = 1
2015-12-04T15:06:46: CFU(Webfeed): Query licensing type for LEID  = Illustrator-CS6-Mac-GM
2015-12-04T15:06:46: No valid license found for  = Illustrator-CS6-Mac-GM
2015-12-04T15:06:46: CFU(Webfeed): Patch is meant only for perpetual licenses, but client doesn't have a valid perpetual license. 
2015-12-04T15:06:46: Going in waiting state as following Recommendation is no more valid for this update(license mismatch)
2015-12-04T15:06:46: Exiting IsAppGoodToUpdate with return  = 1
2015-12-04T15:06:46: Exiting IsAppGoodToUpdate with return  = 1
2015-12-04T15:06:46: CFU(Webfeed): Query licensing type for LEID  = Illustrator-CS6-Mac-GM
2015-12-04T15:06:46: No valid license found for  = Illustrator-CS6-Mac-GM
2015-12-04T15:06:46: CFU(Webfeed): Patch is meant only for subscription licenses, but client doesn't have a valid subscription license. 
2015-12-04T15:06:46: Going in waiting state as following Recommendation is no more valid for this update(license mismatch)
2015-12-04T15:06:46: Exiting IsAppGoodToUpdate with return  = 1
2015-12-04T15:06:46: Exiting IsAppGoodToUpdate with return  = 1
2015-12-04T15:06:46: Exiting IsAppGoodToUpdate with return  = 1
2015-12-04T15:06:46: Exiting IsAppGoodToUpdate with return  = 1
2015-12-04T15:06:46: CFU(Webfeed): Query licensing type for LEID  = Dreamweaver-CS6-Mac-GM
2015-12-04T15:06:46: No valid license found for  = Dreamweaver-CS6-Mac-GM
2015-12-04T15:06:46: CFU(Webfeed): Patch is meant only for subscription licenses, but client doesn't have a valid subscription license. 
2015-12-04T15:06:46: CFU(Webfeed): Query licensing type for LEID  = Dreamweaver-CS6-Mac-GM
2015-12-04T15:06:46: No valid license found for  = Dreamweaver-CS6-Mac-GM
2015-12-04T15:06:46: CFU(Webfeed): Patch is meant only for subscription licenses, but client doesn't have a valid subscription license. 
2015-12-04T15:06:46: Going in waiting state as following Recommendation is no more valid for this update(license mismatch)
2015-12-04T15:06:46: Exiting IsAppGoodToUpdate with return  = 1
2015-12-04T15:06:46: Exiting IsAppGoodToUpdate with return  = 1
2015-12-04T15:06:46: CFU(Webfeed): Query licensing type for LEID  = Fireworks-CS6-Mac-GM
2015-12-04T15:06:46: No valid license found for  = Fireworks-CS6-Mac-GM
2015-12-04T15:06:46: Exiting IsAppGoodToUpdate with return  = 1
2015-12-04T15:06:46: Exiting IsAppGoodToUpdate with return  = 1
2015-12-04T15:06:46: Exiting IsAppGoodToUpdate with return  = 1
2015-12-04T15:06:46: Exiting IsAppGoodToUpdate with return  = 1
2015-12-04T15:06:46: Exiting IsAppGoodToUpdate with return  = 1
2015-12-04T15:06:46: Exiting IsAppGoodToUpdate with return  = 1
2015-12-04T15:06:46: CFU(Webfeed): Patch is meant only for perpetual licenses, but client doesn't have a valid perpetual license. 
2015-12-04T15:06:46: CFU(Webfeed): Patch is meant only for perpetual licenses, but client doesn't have a valid perpetual license. 
2015-12-04T15:06:46: CFU(Webfeed): Query licensing type for LEID  = Photoshop-CS6-Mac-GM
2015-12-04T15:06:46: A valid perpetual license found for  = Photoshop-CS6-Mac-GM
2015-12-04T15:06:46: Exiting IsAppGoodToUpdate with return  = 1
2015-12-04T15:06:46: Exiting IsAppGoodToUpdate with return  = 1
2015-12-04T15:06:46: CFU(Webfeed): Query licensing type for LEID  = ExMan-CS6-Mac-GM
2015-12-04T15:06:46: No valid license found for  = ExMan-CS6-Mac-GM
2015-12-04T15:06:46: Exiting IsAppGoodToUpdate with return  = 1
2015-12-04T15:06:46: Exiting IsAppGoodToUpdate with return  = 1
2015-12-04T15:06:46: Exiting IsAppGoodToUpdate with return  = 1
2015-12-04T15:06:46: Exiting IsAppGoodToUpdate with return  = 1
2015-12-04T15:06:46: Exiting IsAppGoodToUpdate with return  = 1
2015-12-04T15:06:46: Exiting IsAppGoodToUpdate with return  = 1
2015-12-04T15:06:46: CFU(Webfeed): Query licensing type for LEID  = InDesign-CS6-Mac-GM
2015-12-04T15:06:47: A valid perpetual license found for  = InDesign-CS6-Mac-GM
2015-12-04T15:06:47: CFU(Webfeed): Patch is meant only for subscription licenses, but client doesn't have a valid subscription license. 
2015-12-04T15:06:47: CFU(Webfeed): Query licensing type for LEID  = InDesign-CS6-Mac-GM
2015-12-04T15:06:47: A valid perpetual license found for  = InDesign-CS6-Mac-GM
2015-12-04T15:06:47: CFU(Webfeed): Patch is meant only for subscription licenses, but client doesn't have a valid subscription license. 
2015-12-04T15:06:47: CFU(Webfeed): Query licensing type for LEID  = InDesign-CS6-Mac-GM
2015-12-04T15:06:47: A valid perpetual license found for  = InDesign-CS6-Mac-GM
2015-12-04T15:06:47: CFU(Webfeed): Patch is meant only for subscription licenses, but client doesn't have a valid subscription license. 
2015-12-04T15:06:47: Going in waiting state as following Recommendation is no more valid for this update(license mismatch)
2015-12-04T15:06:47: Exiting IsAppGoodToUpdate with return  = 1
2015-12-04T15:06:47: Exiting IsAppGoodToUpdate with return  = 1
2015-12-04T15:06:47: Exiting IsAppGoodToUpdate with return  = 1
2015-12-04T15:06:47: Exiting IsAppGoodToUpdate with return  = 1
2015-12-04T15:06:47: Exiting IsAppGoodToUpdate with return  = 1
2015-12-04T15:06:47: Exiting IsAppGoodToUpdate with return  = 1
2015-12-04T15:06:47: CFU(Webfeed): Query licensing type for LEID  = InDesign-CS6-Mac-GM
2015-12-04T15:06:47: A valid perpetual license found for  = InDesign-CS6-Mac-GM
2015-12-04T15:06:47: Exiting IsAppGoodToUpdate with return  = 1
2015-12-04T15:06:47: Exiting IsAppGoodToUpdate with return  = 1
2015-12-04T15:06:47: Exiting IsAppGoodToUpdate with return  = 1
2015-12-04T15:06:47: Exiting IsAppGoodToUpdate with return  = 1
2015-12-04T15:06:47: CFU(Webfeed): Query licensing type for LEID  = Camera_Raw-7-MAC-GM
2015-12-04T15:06:47: No valid license found for  = Camera_Raw-7-MAC-GM
2015-12-04T15:06:47: Exiting IsAppGoodToUpdate with return  = 1
2015-12-04T15:06:47: Exiting IsAppGoodToUpdate with return  = 1
2015-12-04T15:06:47: CFU(Webfeed): Query licensing type for LEID  = DigitalPublishing-CS6-Mac-GM
2015-12-04T15:06:47: No valid license found for  = DigitalPublishing-CS6-Mac-GM
2015-12-04T15:06:47: Returning from << UCCheckForUpdates >> call with outErr value -  = 0
2015-12-04T15:06:48: CFU(Webfeed):: Web feed hasn't changed since last time.
2015-12-04T15:06:48: CFU(Webfeed): Webfeed is empty
2015-12-04T15:06:48: CFU(Webfeed): MRL is empty
2015-12-04T15:06:48: Check for Updates was done successfully.
2015-12-04T15:06:48: UCGetprogress : Check for updates returning state for reffId  = 
2015-12-04T15:06:48: UCGetprogress : Check for updates returning state     = 21
2015-12-04T15:06:48: UCGetprogress : Check for updates returning outError  = 0
2015-12-04T15:06:48: UCGetprogress : Check for updates returning percent   = 100
2015-12-04T15:06:48: UCGetprogress : Check for updates returning unique error code string   = U21M1C0
2015-12-04T15:06:48: Returning from << UCTerminate >> call with value = 1
2015-12-04T15:06:48: UpdaterCoreImpl::ShutdownLogFile : Going to call ShutdownESDLogFile()
2015-12-04T15:06:48: <<< Adobe Updater Log End <<<


2015-12-04T15:06:48: >>> Adobe Updater Log Begin >>>
2015-12-04T15:06:48: UpdaterCoreImpl::InitLogFile : Application Version 6.0.0.67
2015-12-04T15:06:48: UpdaterCoreImpl::InitLogFile : cmdline option --> -logFile = /Users/technology/Library/Application Support/Adobe/AAMUpdater/1.0/aamus.log
2015-12-04T15:06:48: UpdaterCoreImpl::InitLogFile : cmdline option --> -logLevel = 2
2015-12-04T15:06:48: UCInitialize : AAMLauncher was NOT running.
2015-12-04T15:06:48: UpdaterCore : Returning from << UCInitialize >> Returning with outErr Value =>  = 0
2015-12-04T15:20:02: <<< Adobe Updater Log End <<<


2015-12-07T13:35:54: >>> Adobe Updater Log Begin >>>
2015-12-07T13:35:54: UpdaterCoreImpl::InitLogFile : Application Version 6.0.0.67
2015-12-07T13:35:55: UpdaterCoreImpl::InitLogFile : cmdline option --> -logFile = /Users/technology/Library/Application Support/Adobe/AAMUpdater/1.0/aamus.log
2015-12-07T13:35:55: UpdaterCoreImpl::InitLogFile : cmdline option --> -logLevel = 2
2015-12-07T13:35:55: UCInitialize : AAMLauncher was NOT running.
2015-12-07T13:35:57: UpdaterCore : Returning from << UCInitialize >> Returning with outErr Value =>  = 0
2015-12-07T13:35:57: UCCheckForUpdates : Updater is loaded in AAM Updates Notifier mode.
2015-12-07T13:35:57: UCCheckForUpdates : User level lock acquired for AAM Updates Notifier.
2015-12-07T13:35:57: Exiting IsAppGoodToUpdate with return  = 1
2015-12-07T13:35:57: Exiting IsAppGoodToUpdate with return  = 1
2015-12-07T13:35:57: Exiting IsAppGoodToUpdate with return  = 1
2015-12-07T13:35:57: Exiting IsAppGoodToUpdate with return  = 1
2015-12-07T13:35:57: Exiting IsAppGoodToUpdate with return  = 1
2015-12-07T13:35:57: Exiting IsAppGoodToUpdate with return  = 1
2015-12-07T13:35:57: Exiting IsAppGoodToUpdate with return  = 1
2015-12-07T13:35:57: Exiting IsAppGoodToUpdate with return  = 1
2015-12-07T13:35:57: Exiting IsAppGoodToUpdate with return  = 1
2015-12-07T13:35:57: Exiting IsAppGoodToUpdate with return  = 1
2015-12-07T13:35:57: CFU(Webfeed): Query licensing type for LEID  = InDesign-CS6-Mac-GM
2015-12-07T13:35:59: A valid perpetual license found for  = InDesign-CS6-Mac-GM
2015-12-07T13:35:59: Exiting IsAppGoodToUpdate with return  = 1
2015-12-07T13:35:59: Exiting IsAppGoodToUpdate with return  = 1
2015-12-07T13:35:59: CFU(Webfeed): Query licensing type for LEID  = AdobeMediaEncoder-CS6-Mac-GM
2015-12-07T13:36:00: No valid license found for  = AdobeMediaEncoder-CS6-Mac-GM
2015-12-07T13:36:00: Exiting IsAppGoodToUpdate with return  = 1
2015-12-07T13:36:00: Exiting IsAppGoodToUpdate with return  = 1
2015-12-07T13:36:00: Exiting IsAppGoodToUpdate with return  = 1
2015-12-07T13:36:00: Exiting IsAppGoodToUpdate with return  = 1
2015-12-07T13:36:00: CFU(Webfeed): Query licensing type for LEID  = FlashPro-CS6-Mac-GM
2015-12-07T13:36:01: No valid license found for  = FlashPro-CS6-Mac-GM
2015-12-07T13:36:01: Exiting IsAppGoodToUpdate with return  = 1
2015-12-07T13:36:01: Exiting IsAppGoodToUpdate with return  = 1
2015-12-07T13:36:01: CFU(Webfeed): Query licensing type for LEID  = Photoshop-CS6-Mac-GM
2015-12-07T13:36:01: A valid perpetual license found for  = Photoshop-CS6-Mac-GM
2015-12-07T13:36:01: Exiting IsAppGoodToUpdate with return  = 1
2015-12-07T13:36:01: Exiting IsAppGoodToUpdate with return  = 1
2015-12-07T13:36:01: Exiting IsAppGoodToUpdate with return  = 1
2015-12-07T13:36:01: Exiting IsAppGoodToUpdate with return  = 1
2015-12-07T13:36:01: CFU(Webfeed): Query licensing type for LEID  = Dreamweaver-CS6-Mac-GM
2015-12-07T13:36:02: No valid license found for  = Dreamweaver-CS6-Mac-GM
2015-12-07T13:36:02: CFU(Webfeed): Patch is meant only for perpetual licenses, but client doesn't have a valid perpetual license. 
2015-12-07T13:36:02: CFU(Webfeed): Query licensing type for LEID  = Dreamweaver-CS6-Mac-GM
2015-12-07T13:36:02: No valid license found for  = Dreamweaver-CS6-Mac-GM
2015-12-07T13:36:02: CFU(Webfeed): Patch is meant only for perpetual licenses, but client doesn't have a valid perpetual license. 
2015-12-07T13:36:02: Going in waiting state as following Recommendation is no more valid for this update(license mismatch)
2015-12-07T13:36:02: Exiting IsAppGoodToUpdate with return  = 1
2015-12-07T13:36:02: Exiting IsAppGoodToUpdate with return  = 1
2015-12-07T13:36:02: CFU(Webfeed): Query licensing type for LEID  = Bridge-CS6-Mac-GM
2015-12-07T13:36:02: No valid license found for  = Bridge-CS6-Mac-GM
2015-12-07T13:36:02: Exiting IsAppGoodToUpdate with return  = 1
2015-12-07T13:36:02: Exiting IsAppGoodToUpdate with return  = 1
2015-12-07T13:36:02: CFU(Webfeed): Query licensing type for LEID  = Photoshop-CS6-Mac-GM
2015-12-07T13:36:02: A valid perpetual license found for  = Photoshop-CS6-Mac-GM
2015-12-07T13:36:02: CFU(Webfeed): Patch is meant only for subscription licenses, but client doesn't have a valid subscription license. 
2015-12-07T13:36:02: Going in waiting state as following Recommendation is no more valid for this update(license mismatch)
2015-12-07T13:36:02: Exiting IsAppGoodToUpdate with return  = 1
2015-12-07T13:36:02: Exiting IsAppGoodToUpdate with return  = 1
2015-12-07T13:36:02: CFU(Webfeed): Query licensing type for LEID  = Illustrator-CS6-Mac-GM
2015-12-07T13:36:02: No valid license found for  = Illustrator-CS6-Mac-GM
2015-12-07T13:36:02: CFU(Webfeed): Patch is meant only for perpetual licenses, but client doesn't have a valid perpetual license. 
2015-12-07T13:36:02: Going in waiting state as following Recommendation is no more valid for this update(license mismatch)
2015-12-07T13:36:02: Exiting IsAppGoodToUpdate with return  = 1
2015-12-07T13:36:02: Exiting IsAppGoodToUpdate with return  = 1
2015-12-07T13:36:02: CFU(Webfeed): Query licensing type for LEID  = Illustrator-CS6-Mac-GM
2015-12-07T13:36:02: No valid license found for  = Illustrator-CS6-Mac-GM
2015-12-07T13:36:02: CFU(Webfeed): Patch is meant only for subscription licenses, but client doesn't have a valid subscription license. 
2015-12-07T13:36:02: Going in waiting state as following Recommendation is no more valid for this update(license mismatch)
2015-12-07T13:36:02: Exiting IsAppGoodToUpdate with return  = 1
2015-12-07T13:36:02: Exiting IsAppGoodToUpdate with return  = 1
2015-12-07T13:36:02: Exiting IsAppGoodToUpdate with return  = 1
2015-12-07T13:36:02: Exiting IsAppGoodToUpdate with return  = 1
2015-12-07T13:36:02: CFU(Webfeed): Query licensing type for LEID  = Dreamweaver-CS6-Mac-GM
2015-12-07T13:36:02: No valid license found for  = Dreamweaver-CS6-Mac-GM
2015-12-07T13:36:02: CFU(Webfeed): Patch is meant only for subscription licenses, but client doesn't have a valid subscription license. 
2015-12-07T13:36:02: CFU(Webfeed): Query licensing type for LEID  = Dreamweaver-CS6-Mac-GM
2015-12-07T13:36:03: No valid license found for  = Dreamweaver-CS6-Mac-GM
2015-12-07T13:36:03: CFU(Webfeed): Patch is meant only for subscription licenses, but client doesn't have a valid subscription license. 
2015-12-07T13:36:03: Going in waiting state as following Recommendation is no more valid for this update(license mismatch)
2015-12-07T13:36:03: Exiting IsAppGoodToUpdate with return  = 1
2015-12-07T13:36:03: Exiting IsAppGoodToUpdate with return  = 1
2015-12-07T13:36:03: CFU(Webfeed): Query licensing type for LEID  = Fireworks-CS6-Mac-GM
2015-12-07T13:36:03: No valid license found for  = Fireworks-CS6-Mac-GM
2015-12-07T13:36:03: Exiting IsAppGoodToUpdate with return  = 1
2015-12-07T13:36:03: Exiting IsAppGoodToUpdate with return  = 1
2015-12-07T13:36:03: Exiting IsAppGoodToUpdate with return  = 1
2015-12-07T13:36:03: Exiting IsAppGoodToUpdate with return  = 1
2015-12-07T13:36:03: Exiting IsAppGoodToUpdate with return  = 1
2015-12-07T13:36:03: Exiting IsAppGoodToUpdate with return  = 1
2015-12-07T13:36:03: CFU(Webfeed): Patch is meant only for perpetual licenses, but client doesn't have a valid perpetual license. 
2015-12-07T13:36:03: CFU(Webfeed): Patch is meant only for perpetual licenses, but client doesn't have a valid perpetual license. 
2015-12-07T13:36:03: CFU(Webfeed): Query licensing type for LEID  = Photoshop-CS6-Mac-GM
2015-12-07T13:36:03: A valid perpetual license found for  = Photoshop-CS6-Mac-GM
2015-12-07T13:36:03: Exiting IsAppGoodToUpdate with return  = 1
2015-12-07T13:36:03: Exiting IsAppGoodToUpdate with return  = 1
2015-12-07T13:36:03: CFU(Webfeed): Query licensing type for LEID  = ExMan-CS6-Mac-GM
2015-12-07T13:36:03: No valid license found for  = ExMan-CS6-Mac-GM
2015-12-07T13:36:03: Exiting IsAppGoodToUpdate with return  = 1
2015-12-07T13:36:03: Exiting IsAppGoodToUpdate with return  = 1
2015-12-07T13:36:03: Exiting IsAppGoodToUpdate with return  = 1
2015-12-07T13:36:03: Exiting IsAppGoodToUpdate with return  = 1
2015-12-07T13:36:03: Exiting IsAppGoodToUpdate with return  = 1
2015-12-07T13:36:03: Exiting IsAppGoodToUpdate with return  = 1
2015-12-07T13:36:03: CFU(Webfeed): Query licensing type for LEID  = InDesign-CS6-Mac-GM
2015-12-07T13:36:03: A valid perpetual license found for  = InDesign-CS6-Mac-GM
2015-12-07T13:36:03: CFU(Webfeed): Patch is meant only for subscription licenses, but client doesn't have a valid subscription license. 
2015-12-07T13:36:03: CFU(Webfeed): Query licensing type for LEID  = InDesign-CS6-Mac-GM
2015-12-07T13:36:03: A valid perpetual license found for  = InDesign-CS6-Mac-GM
2015-12-07T13:36:04: CFU(Webfeed): Patch is meant only for subscription licenses, but client doesn't have a valid subscription license. 
2015-12-07T13:36:04: CFU(Webfeed): Query licensing type for LEID  = InDesign-CS6-Mac-GM
2015-12-07T13:36:04: A valid perpetual license found for  = InDesign-CS6-Mac-GM
2015-12-07T13:36:04: CFU(Webfeed): Patch is meant only for subscription licenses, but client doesn't have a valid subscription license. 
2015-12-07T13:36:04: Going in waiting state as following Recommendation is no more valid for this update(license mismatch)
2015-12-07T13:36:04: Exiting IsAppGoodToUpdate with return  = 1
2015-12-07T13:36:04: Exiting IsAppGoodToUpdate with return  = 1
2015-12-07T13:36:04: Exiting IsAppGoodToUpdate with return  = 1
2015-12-07T13:36:04: Exiting IsAppGoodToUpdate with return  = 1
2015-12-07T13:36:04: Exiting IsAppGoodToUpdate with return  = 1
2015-12-07T13:36:04: Exiting IsAppGoodToUpdate with return  = 1
2015-12-07T13:36:04: CFU(Webfeed): Query licensing type for LEID  = InDesign-CS6-Mac-GM
2015-12-07T13:36:04: A valid perpetual license found for  = InDesign-CS6-Mac-GM
2015-12-07T13:36:04: Exiting IsAppGoodToUpdate with return  = 1
2015-12-07T13:36:04: Exiting IsAppGoodToUpdate with return  = 1
2015-12-07T13:36:04: Exiting IsAppGoodToUpdate with return  = 1
2015-12-07T13:36:04: Exiting IsAppGoodToUpdate with return  = 1
2015-12-07T13:36:04: CFU(Webfeed): Query licensing type for LEID  = Camera_Raw-7-MAC-GM
2015-12-07T13:36:04: No valid license found for  = Camera_Raw-7-MAC-GM
2015-12-07T13:36:04: Exiting IsAppGoodToUpdate with return  = 1
2015-12-07T13:36:04: Exiting IsAppGoodToUpdate with return  = 1
2015-12-07T13:36:04: CFU(Webfeed): Query licensing type for LEID  = DigitalPublishing-CS6-Mac-GM
2015-12-07T13:36:04: No valid license found for  = DigitalPublishing-CS6-Mac-GM
2015-12-07T13:36:05: Returning from << UCCheckForUpdates >> call with outErr value -  = 0
2015-12-07T13:36:06: CFU(Webfeed):: Web feed hasn't changed since last time.
2015-12-07T13:36:06: CFU(Webfeed): Webfeed is empty
2015-12-07T13:36:06: CFU(Webfeed): MRL is empty
2015-12-07T13:36:06: Check for Updates was done successfully.
2015-12-07T13:36:06: UCGetprogress : Check for updates returning state for reffId  = 
2015-12-07T13:36:06: UCGetprogress : Check for updates returning state     = 21
2015-12-07T13:36:06: UCGetprogress : Check for updates returning outError  = 0
2015-12-07T13:36:06: UCGetprogress : Check for updates returning percent   = 100
2015-12-07T13:36:06: UCGetprogress : Check for updates returning unique error code string   = U21M1C0
2015-12-07T13:36:06: Returning from << UCTerminate >> call with value = 1
2015-12-07T13:36:06: UpdaterCoreImpl::ShutdownLogFile : Going to call ShutdownESDLogFile()
2015-12-07T13:36:06: <<< Adobe Updater Log End <<<


2015-12-07T13:36:07: >>> Adobe Updater Log Begin >>>
2015-12-07T13:36:07: UpdaterCoreImpl::InitLogFile : Application Version 6.0.0.67
2015-12-07T13:36:07: UpdaterCoreImpl::InitLogFile : cmdline option --> -logFile = /Users/technology/Library/Application Support/Adobe/AAMUpdater/1.0/aamus.log
2015-12-07T13:36:07: UpdaterCoreImpl::InitLogFile : cmdline option --> -logLevel = 2
2015-12-07T13:36:07: UCInitialize : AAMLauncher was NOT running.
2015-12-07T13:36:07: UpdaterCore : Returning from << UCInitialize >> Returning with outErr Value =>  = 0
